<?xml version="1.0" encoding="UTF-8"?>
<testsuite name="br.com.fiap.hackaton.service.impl.MovieServiceImplTest" tests="4" skipped="0" failures="0" errors="0" timestamp="2023-04-01T13:39:09" hostname="BRUNO" time="0.736">
  <properties/>
  <testcase name="shouldGetMovieWithSuccessfuly()" classname="br.com.fiap.hackaton.service.impl.MovieServiceImplTest" time="0.724"/>
  <testcase name="shouldThrowErrorWhenGetMovieHasError()" classname="br.com.fiap.hackaton.service.impl.MovieServiceImplTest" time="0.004"/>
  <testcase name="shouldFindMovieWhenMethodCalled()" classname="br.com.fiap.hackaton.service.impl.MovieServiceImplTest" time="0.002"/>
  <testcase name="shouldThrowErrorWhenMoviesDoesNotExists()" classname="br.com.fiap.hackaton.service.impl.MovieServiceImplTest" time="0.002"/>
  <system-out><![CDATA[]]></system-out>
  <system-err><![CDATA[]]></system-err>
</testsuite>
